<?xml version="1.0" encoding="UTF-8"?>
<testng-results ignored="0" total="1" passed="1" failed="0" skipped="0">
  <reporter-output>
  </reporter-output>
  <suite started-at="2022-01-05T13:42:10 IST" name="Default suite" finished-at="2022-01-05T13:44:34 IST" duration-ms="144080">
    <groups>
    </groups>
    <test started-at="2022-01-05T13:42:10 IST" name="Default test" finished-at="2022-01-05T13:44:34 IST" duration-ms="144080">
      <class name="KTPages.KTPages">
        <test-method signature="browser()[pri:0, instance:KTPages.KTPages@48aaecc3]" started-at="2022-01-05T13:42:10 IST" name="browser" finished-at="2022-01-05T13:44:34 IST" duration-ms="144017" status="PASS">
          <reporter-output>
          </reporter-output>
        </test-method> <!-- browser -->
      </class> <!-- KTPages.KTPages -->
    </test> <!-- Default test -->
  </suite> <!-- Default suite -->
</testng-results>
